{
  "RSpec": {
    "coverage": {
      "/Users/ryanpierre/Makers/student-reviews/tremella/spec/Account_spec.rb": [
        null,
        null,
        1,
        1,
        null,
        1,
        1,
        9,
        9,
        null,
        null,
        1,
        9,
        null,
        null,
        1,
        1,
        1,
        1,
        1,
        null,
        null,
        1,
        5,
        null,
        1,
        1,
        2,
        2,
        null,
        null,
        1,
        1,
        2,
        2,
        null,
        null,
        1,
        1,
        2,
        2,
        null,
        null,
        null,
        1,
        1,
        2,
        2,
        null,
        null,
        null,
        1,
        1,
        2,
        null,
        null,
        null,
        null,
        1,
        4,
        null,
        1,
        1,
        2,
        2,
        null,
        null,
        1,
        1,
        2,
        2,
        null,
        null,
        null,
        1,
        1,
        2,
        null,
        null,
        null,
        null
      ],
      "/Users/ryanpierre/Makers/student-reviews/tremella/lib/account.rb": [
        null,
        null,
        1,
        1,
        null,
        1,
        22,
        22,
        22,
        null,
        null,
        1,
        5,
        5,
        5,
        null,
        4,
        null,
        null,
        null,
        4,
        null,
        null,
        1,
        3,
        3,
        3,
        null,
        2,
        null,
        null,
        2,
        null,
        null
      ],
      "/Users/ryanpierre/Makers/student-reviews/tremella/spec/Teller_spec.rb": [
        null,
        null,
        1,
        1,
        null,
        1,
        1,
        null,
        4,
        null,
        null,
        1,
        4,
        null,
        null,
        1,
        1,
        1,
        null,
        null,
        1,
        1,
        2,
        null,
        null,
        null,
        null,
        1,
        1,
        2,
        null,
        null,
        null,
        null,
        1,
        null,
        null,
        null,
        null,
        null,
        null,
        null,
        null,
        null,
        null,
        null,
        1,
        null,
        null,
        1,
        null,
        2,
        null,
        null,
        null,
        null,
        null,
        null,
        null,
        null,
        null,
        null,
        null,
        null,
        null,
        null,
        null,
        null,
        null,
        null,
        null,
        null,
        null
      ],
      "/Users/ryanpierre/Makers/student-reviews/tremella/lib/teller.rb": [
        null,
        null,
        null,
        null,
        1,
        null,
        1,
        1,
        null,
        1,
        4,
        4,
        null,
        null,
        1,
        1,
        1,
        2,
        2,
        null,
        1,
        1,
        null,
        null,
        1,
        3,
        null,
        null,
        1,
        2,
        2,
        0,
        2,
        0,
        2,
        1,
        1,
        0,
        1,
        1,
        null,
        0,
        null,
        null,
        null,
        1,
        0,
        0,
        null,
        0,
        0,
        0,
        0,
        null,
        0,
        null,
        null,
        null,
        null,
        1,
        1,
        null,
        null,
        1,
        2,
        null,
        null
      ]
    },
    "timestamp": 1623425912
  }
}
